<?xml version="1.0" encoding="UTF-8"?>
<!-- Generated by org.testng.reporters.JUnitReportReporter -->
<testsuite hostname="nagarathinam" failures="0" tests="1" name="com.Selenium.Day7.Task3" time="9.406" errors="0" timestamp="2023-06-06T08:18:34 IST" skipped="0">
  <testcase classname="com.Selenium.Day7.Task3" name="f" time="9.406"/>
  <system-out/>
</testsuite> <!-- com.Selenium.Day7.Task3 -->
