<?xml version="1.0" encoding="UTF-8"?>
<!-- Generated by org.testng.reporters.JUnitReportReporter -->
<testsuite hostname="nagarathinam" failures="0" tests="4" name="com.Selenium.Day7.Task2" time="0.014" errors="0" timestamp="2023-06-06T08:14:19 IST" skipped="0">
  <testcase classname="com.Selenium.Day7.Task2" name="multiply" time="0.001"/>
  <system-out/>
  <testcase classname="com.Selenium.Day7.Task2" name="divide" time="0.001"/>
  <system-out/>
  <testcase classname="com.Selenium.Day7.Task2" name="add" time="0.011"/>
  <system-out/>
  <testcase classname="com.Selenium.Day7.Task2" name="subtract" time="0.001"/>
  <system-out/>
</testsuite> <!-- com.Selenium.Day7.Task2 -->
